This is pdfTeX, Version 3.141592653-2.6-1.40.25 (MiKTeX 24.1) (preloaded format=pdflatex 2024.12.1)  22 JAN 2025 23:38
entering extended mode
 restricted \write18 enabled.
 file:line:error style messages enabled.
 %&-line parsing enabled.
**"c:/Github/latex-projects/predloga MRO/editor.tex"
(c:/Github/latex-projects/predloga MRO/editor.tex
LaTeX2e <2023-11-01> patch level 1
L3 programming layer <2024-01-04>
(svmult.cls
Document Class: svmult 2007/06/25 v5.4 
Springer Verlag global LaTeX document class for multi authored books
Class Springer-SVMult Info: extra/valid Springer sub-package 
(Springer-SVMult)           not found in option list - using "global" style.
(C:\Program Files\MiKTeX\tex/latex/base\article.cls
Document Class: article 2023/05/17 v1.4n Standard LaTeX document class
(C:\Program Files\MiKTeX\tex/latex/base\size10.clo
File: size10.clo 2023/05/17 v1.4n Standard LaTeX file (size option)
)
\c@part=\count187
\c@section=\count188
\c@subsection=\count189
\c@subsubsection=\count190
\c@paragraph=\count191
\c@subparagraph=\count192
\c@figure=\count193
\c@table=\count194
\abovecaptionskip=\skip48
\belowcaptionskip=\skip49
\bibindent=\dimen140
)
\svparindent=\dimen141
\bibindent=\dimen142
\betweenumberspace=\dimen143
\headlineindent=\dimen144
\minitoc=\write3
\c@minitocdepth=\count195
\c@chapter=\count196
\mottowidth=\dimen145
\svitemindent=\dimen146
\verbatimindent=\dimen147
LaTeX Font Info:    Redeclaring math symbol \Gamma on input line 963.
LaTeX Font Info:    Redeclaring math symbol \Delta on input line 964.
LaTeX Font Info:    Redeclaring math symbol \Theta on input line 965.
LaTeX Font Info:    Redeclaring math symbol \Lambda on input line 966.
LaTeX Font Info:    Redeclaring math symbol \Xi on input line 967.
LaTeX Font Info:    Redeclaring math symbol \Pi on input line 968.
LaTeX Font Info:    Redeclaring math symbol \Sigma on input line 969.
LaTeX Font Info:    Redeclaring math symbol \Upsilon on input line 970.
LaTeX Font Info:    Redeclaring math symbol \Phi on input line 971.
LaTeX Font Info:    Redeclaring math symbol \Psi on input line 972.
LaTeX Font Info:    Redeclaring math symbol \Omega on input line 973.
\tocchpnum=\dimen148
\tocsecnum=\dimen149
\tocsectotal=\dimen150
\tocsubsecnum=\dimen151
\tocsubsectotal=\dimen152
\tocsubsubsecnum=\dimen153
\tocsubsubsectotal=\dimen154
\tocparanum=\dimen155
\tocparatotal=\dimen156
\tocsubparanum=\dimen157
\foot@parindent=\dimen158
\spthmsep=\dimen159
\c@theorem=\count197
\c@case=\count198
\c@conjecture=\count199
\c@corollary=\count266
\c@definition=\count267
\c@example=\count268
\c@exercise=\count269
\c@lemma=\count270
\c@note=\count271
\c@problem=\count272
\c@property=\count273
\c@proposition=\count274
\c@question=\count275
\c@solution=\count276
\c@remark=\count277
\c@prob=\count278
\instindent=\dimen160
\figgap=\dimen161
\bildb@x=\box51
\figcapgap=\dimen162
\tabcapgap=\dimen163
\c@merk=\count279
\c@@inst=\count280
\c@@auth=\count281
\c@auco=\count282
\instindent=\dimen164
\authrun=\box52
\authorrunning=\toks17
\tocauthor=\toks18
\titrun=\box53
\titlerunning=\toks19
\toctitle=\toks20
\c@contribution=\count283
LaTeX Info: Redefining \abstract on input line 2320.
) (C:\Program Files\MiKTeX\tex/latex/graphics\color.sty
Package: color 2022/01/06 v1.3d Standard LaTeX Color (DPC)
 (C:\Program Files\MiKTeX\tex/latex/graphics-cfg\color.cfg
File: color.cfg 2016/01/02 v1.6 sample color configuration
)
Package color Info: Driver file: pdftex.def on input line 149.
 (C:\Program Files\MiKTeX\tex/latex/graphics-def\pdftex.def
File: pdftex.def 2022/09/22 v1.2b Graphics/color driver for pdftex
) (C:\Program Files\MiKTeX\tex/latex/graphics\mathcolor.ltx)) (C:\Users\urga\AppData\Roaming\MiKTeX\tex/latex/framed\framed.sty
Package: framed 2011/10/22 v 0.96: framed or shaded text with page breaks
\OuterFrameSep=\skip50
\fb@frw=\dimen165
\fb@frh=\dimen166
\FrameRule=\dimen167
\FrameSep=\dimen168
) (C:\Users\urga\AppData\Roaming\MiKTeX\tex/latex/psnfss\mathptmx.sty
Package: mathptmx 2020/03/25 PSNFSS-v9.3 Times w/ Math, improved (SPQR, WaS) 
LaTeX Font Info:    Redeclaring symbol font `operators' on input line 28.
LaTeX Font Info:    Overwriting symbol font `operators' in version `normal'
(Font)                  OT1/cmr/m/n --> OT1/ztmcm/m/n on input line 28.
LaTeX Font Info:    Overwriting symbol font `operators' in version `bold'
(Font)                  OT1/cmr/bx/n --> OT1/ztmcm/m/n on input line 28.
LaTeX Font Info:    Redeclaring symbol font `letters' on input line 29.
LaTeX Font Info:    Overwriting symbol font `letters' in version `normal'
(Font)                  OML/cmm/m/it --> OML/ztmcm/m/it on input line 29.
LaTeX Font Info:    Overwriting symbol font `letters' in version `bold'
(Font)                  OML/cmm/b/it --> OML/ztmcm/m/it on input line 29.
LaTeX Font Info:    Redeclaring symbol font `symbols' on input line 30.
LaTeX Font Info:    Overwriting symbol font `symbols' in version `normal'
(Font)                  OMS/cmsy/m/n --> OMS/ztmcm/m/n on input line 30.
LaTeX Font Info:    Overwriting symbol font `symbols' in version `bold'
(Font)                  OMS/cmsy/b/n --> OMS/ztmcm/m/n on input line 30.
LaTeX Font Info:    Redeclaring symbol font `largesymbols' on input line 31.
LaTeX Font Info:    Overwriting symbol font `largesymbols' in version `normal'
(Font)                  OMX/cmex/m/n --> OMX/ztmcm/m/n on input line 31.
LaTeX Font Info:    Overwriting symbol font `largesymbols' in version `bold'
(Font)                  OMX/cmex/m/n --> OMX/ztmcm/m/n on input line 31.
\symbold=\mathgroup4
\symitalic=\mathgroup5
LaTeX Font Info:    Redeclaring math alphabet \mathbf on input line 34.
LaTeX Font Info:    Overwriting math alphabet `\mathbf' in version `normal'
(Font)                  OT1/cmr/bx/n --> OT1/ptm/bx/n on input line 34.
LaTeX Font Info:    Overwriting math alphabet `\mathbf' in version `bold'
(Font)                  OT1/cmr/bx/n --> OT1/ptm/bx/n on input line 34.
LaTeX Font Info:    Redeclaring math alphabet \mathit on input line 35.
LaTeX Font Info:    Overwriting math alphabet `\mathit' in version `normal'
(Font)                  OT1/cmr/m/it --> OT1/ptm/m/it on input line 35.
LaTeX Font Info:    Overwriting math alphabet `\mathit' in version `bold'
(Font)                  OT1/cmr/bx/it --> OT1/ptm/m/it on input line 35.
LaTeX Info: Redefining \hbar on input line 50.
) (C:\Users\urga\AppData\Roaming\MiKTeX\tex/latex/psnfss\helvet.sty
Package: helvet 2020/03/25 PSNFSS-v9.3 (WaS) 
 (C:\Program Files\MiKTeX\tex/latex/graphics\keyval.sty
Package: keyval 2022/05/29 v1.15 key=value parser (DPC)
\KV@toks@=\toks21
)) (C:\Users\urga\AppData\Roaming\MiKTeX\tex/latex/psnfss\courier.sty
Package: courier 2020/03/25 PSNFSS-v9.3 (WaS) 
) (C:\Program Files\MiKTeX\tex/latex/base\makeidx.sty
Package: makeidx 2021/10/04 v1.0m Standard LaTeX package
) (C:\Program Files\MiKTeX\tex/latex/graphics\graphicx.sty
Package: graphicx 2021/09/16 v1.2d Enhanced LaTeX Graphics (DPC,SPQR)
 (C:\Program Files\MiKTeX\tex/latex/graphics\graphics.sty
Package: graphics 2022/03/10 v1.4e Standard LaTeX Graphics (DPC,SPQR)
 (C:\Program Files\MiKTeX\tex/latex/graphics\trig.sty
Package: trig 2021/08/11 v1.11 sin cos tan (DPC)
) (C:\Program Files\MiKTeX\tex/latex/graphics-cfg\graphics.cfg
File: graphics.cfg 2016/06/04 v1.11 sample graphics configuration
)
Package graphics Info: Driver file: pdftex.def on input line 107.
)
\Gin@req@height=\dimen169
\Gin@req@width=\dimen170
) (C:\Program Files\MiKTeX\tex/latex/hyperref\hyperref.sty
Package: hyperref 2023-11-26 v7.01g Hypertext links for LaTeX
 (C:\Program Files\MiKTeX\tex/generic/iftex\iftex.sty
Package: iftex 2022/02/03 v1.0f TeX engine tests
) (C:\Users\urga\AppData\Roaming\MiKTeX\tex/generic/infwarerr\infwarerr.sty
Package: infwarerr 2019/12/03 v1.5 Providing info/warning/error messages (HO)
) (C:\Users\urga\AppData\Roaming\MiKTeX\tex/latex/kvsetkeys\kvsetkeys.sty
Package: kvsetkeys 2022-10-05 v1.19 Key value parser (HO)
) (C:\Users\urga\AppData\Roaming\MiKTeX\tex/generic/kvdefinekeys\kvdefinekeys.sty
Package: kvdefinekeys 2019-12-19 v1.6 Define keys (HO)
) (C:\Users\urga\AppData\Roaming\MiKTeX\tex/generic/pdfescape\pdfescape.sty
Package: pdfescape 2019/12/09 v1.15 Implements pdfTeX's escape features (HO)
 (C:\Users\urga\AppData\Roaming\MiKTeX\tex/generic/ltxcmds\ltxcmds.sty
Package: ltxcmds 2023-12-04 v1.26 LaTeX kernel commands for general use (HO)
) (C:\Program Files\MiKTeX\tex/generic/pdftexcmds\pdftexcmds.sty
Package: pdftexcmds 2020-06-27 v0.33 Utility functions of pdfTeX for LuaTeX (HO)
Package pdftexcmds Info: \pdf@primitive is available.
Package pdftexcmds Info: \pdf@ifprimitive is available.
Package pdftexcmds Info: \pdfdraftmode found.
)) (C:\Users\urga\AppData\Roaming\MiKTeX\tex/latex/hycolor\hycolor.sty
Package: hycolor 2020-01-27 v1.10 Color options for hyperref/bookmark (HO)
) (C:\Users\urga\AppData\Roaming\MiKTeX\tex/latex/letltxmacro\letltxmacro.sty
Package: letltxmacro 2019/12/03 v1.6 Let assignment for LaTeX macros (HO)
) (C:\Users\urga\AppData\Roaming\MiKTeX\tex/latex/auxhook\auxhook.sty
Package: auxhook 2019-12-17 v1.6 Hooks for auxiliary files (HO)
) (C:\Program Files\MiKTeX\tex/latex/hyperref\nameref.sty
Package: nameref 2023-11-26 v2.56 Cross-referencing by name of section
 (C:\Users\urga\AppData\Roaming\MiKTeX\tex/latex/refcount\refcount.sty
Package: refcount 2019/12/15 v3.6 Data extraction from label references (HO)
) (C:\Users\urga\AppData\Roaming\MiKTeX\tex/generic/gettitlestring\gettitlestring.sty
Package: gettitlestring 2019/12/15 v1.6 Cleanup title references (HO)
 (C:\Users\urga\AppData\Roaming\MiKTeX\tex/latex/kvoptions\kvoptions.sty
Package: kvoptions 2022-06-15 v3.15 Key value format for package options (HO)
))
\c@section@level=\count284
) (C:\Program Files\MiKTeX\tex/latex/etoolbox\etoolbox.sty
Package: etoolbox 2020/10/05 v2.5k e-TeX tools for LaTeX (JAW)
\etb@tempcnta=\count285
)
\@linkdim=\dimen171
\Hy@linkcounter=\count286
\Hy@pagecounter=\count287
 (C:\Program Files\MiKTeX\tex/latex/hyperref\pd1enc.def
File: pd1enc.def 2023-11-26 v7.01g Hyperref: PDFDocEncoding definition (HO)
Now handling font encoding PD1 ...
... no UTF-8 mapping file for font encoding PD1
) (C:\Users\urga\AppData\Roaming\MiKTeX\tex/generic/intcalc\intcalc.sty
Package: intcalc 2019/12/15 v1.3 Expandable calculations with integers (HO)
)
\Hy@SavedSpaceFactor=\count288
 (C:\Program Files\MiKTeX\tex/latex/hyperref\puenc.def
File: puenc.def 2023-11-26 v7.01g Hyperref: PDF Unicode definition (HO)
Now handling font encoding PU ...
... no UTF-8 mapping file for font encoding PU
)
Package hyperref Info: Hyper figures OFF on input line 4181.
Package hyperref Info: Link nesting OFF on input line 4186.
Package hyperref Info: Hyper index ON on input line 4189.
Package hyperref Info: Plain pages OFF on input line 4196.
Package hyperref Info: Backreferencing OFF on input line 4201.
Package hyperref Info: Implicit mode ON; LaTeX internals redefined.
Package hyperref Info: Bookmarks ON on input line 4448.
\c@Hy@tempcnt=\count289
 (C:\Program Files\MiKTeX\tex/latex/url\url.sty
\Urlmuskip=\muskip16
Package: url 2013/09/16  ver 3.4  Verb mode for urls, etc.
)
LaTeX Info: Redefining \url on input line 4786.
\XeTeXLinkMargin=\dimen172
 (C:\Users\urga\AppData\Roaming\MiKTeX\tex/generic/bitset\bitset.sty
Package: bitset 2019/12/09 v1.3 Handle bit-vector datatype (HO)
 (C:\Users\urga\AppData\Roaming\MiKTeX\tex/generic/bigintcalc\bigintcalc.sty
Package: bigintcalc 2019/12/15 v1.5 Expandable calculations on big integers (HO)
))
\Fld@menulength=\count290
\Field@Width=\dimen173
\Fld@charsize=\dimen174
Package hyperref Info: Hyper figures OFF on input line 6065.
Package hyperref Info: Link nesting OFF on input line 6070.
Package hyperref Info: Hyper index ON on input line 6073.
Package hyperref Info: backreferencing OFF on input line 6080.
Package hyperref Info: Link coloring OFF on input line 6085.
Package hyperref Info: Link coloring with OCG OFF on input line 6090.
Package hyperref Info: PDF/A mode OFF on input line 6095.
 (C:\Program Files\MiKTeX\tex/latex/base\atbegshi-ltx.sty
Package: atbegshi-ltx 2021/01/10 v1.0c Emulation of the original atbegshi
package with kernel methods
)
\Hy@abspage=\count291
\c@Item=\count292
\c@Hfootnote=\count293
)
Package hyperref Info: Driver (autodetected): hpdftex.
 (C:\Program Files\MiKTeX\tex/latex/hyperref\hpdftex.def
File: hpdftex.def 2023-11-26 v7.01g Hyperref driver for pdfTeX
 (C:\Program Files\MiKTeX\tex/latex/base\atveryend-ltx.sty
Package: atveryend-ltx 2020/08/19 v1.0a Emulation of the original atveryend package
with kernel methods
)
\Fld@listcount=\count294
\c@bookmark@seq@number=\count295
 (C:\Users\urga\AppData\Roaming\MiKTeX\tex/latex/rerunfilecheck\rerunfilecheck.sty
Package: rerunfilecheck 2022-07-10 v1.10 Rerun checks for auxiliary files (HO)
 (C:\Users\urga\AppData\Roaming\MiKTeX\tex/generic/uniquecounter\uniquecounter.sty
Package: uniquecounter 2019/12/15 v1.4 Provide unlimited unique counter (HO)
)
Package uniquecounter Info: New unique counter `rerunfilecheck' on input line 285.
)
\Hy@SectionHShift=\skip51
) (C:\Program Files\MiKTeX\tex/latex/graphics\epsfig.sty
Package: epsfig 2017/06/25 v1.7b (e)psfig emulation (SPQR)
\epsfxsize=\dimen175
\epsfysize=\dimen176
) (C:\Program Files\MiKTeX\tex/latex/tools\multicol.sty
Package: multicol 2023/03/30 v1.9f multicolumn formatting (FMi)
\c@tracingmulticols=\count296
\mult@box=\box54
\multicol@leftmargin=\dimen177
\c@unbalance=\count297
\c@collectmore=\count298
\doublecol@number=\count299
\multicoltolerance=\count300
\multicolpretolerance=\count301
\full@width=\dimen178
\page@free=\dimen179
\premulticols=\dimen180
\postmulticols=\dimen181
\multicolsep=\skip52
\multicolbaselineskip=\skip53
\partial@page=\box55
\last@line=\box56
\mc@boxedresult=\box57
\maxbalancingoverflow=\dimen182
\mult@rightbox=\box58
\mult@grightbox=\box59
\mult@firstbox=\box60
\mult@gfirstbox=\box61
\@tempa=\box62
\@tempa=\box63
\@tempa=\box64
\@tempa=\box65
\@tempa=\box66
\@tempa=\box67
\@tempa=\box68
\@tempa=\box69
\@tempa=\box70
\@tempa=\box71
\@tempa=\box72
\@tempa=\box73
\@tempa=\box74
\@tempa=\box75
\@tempa=\box76
\@tempa=\box77
\@tempa=\box78
\@tempa=\box79
\@tempa=\box80
\@tempa=\box81
\@tempa=\box82
\@tempa=\box83
\@tempa=\box84
\@tempa=\box85
\@tempa=\box86
\@tempa=\box87
\@tempa=\box88
\@tempa=\box89
\@tempa=\box90
\@tempa=\box91
\@tempa=\box92
\@tempa=\box93
\@tempa=\box94
\@tempa=\box95
\@tempa=\box96
\@tempa=\box97
\c@minrows=\count302
\c@columnbadness=\count303
\c@finalcolumnbadness=\count304
\last@try=\dimen183
\multicolovershoot=\dimen184
\multicolundershoot=\dimen185
\mult@nat@firstbox=\box98
\colbreak@box=\box99
\mc@col@check@num=\count305
) (C:\Users\urga\AppData\Roaming\MiKTeX\tex/latex/footmisc\footmisc.sty
Package: footmisc 2024/12/24 v6.0g a miscellany of footnote facilities
\FN@temptoken=\toks22
\footnotemargin=\dimen186
\@outputbox@depth=\dimen187
Package footmisc Info: Declaring symbol style bringhurst on input line 699.
Package footmisc Info: Declaring symbol style chicago on input line 707.
Package footmisc Info: Declaring symbol style wiley on input line 716.
Package footmisc Info: Declaring symbol style lamport-robust on input line 727.
Package footmisc Info: Declaring symbol style lamport* on input line 747.
Package footmisc Info: Declaring symbol style lamport*-robust on input line 768.
) (C:\Program Files\MiKTeX\tex/latex/epstopdf-pkg\epstopdf.sty
Package: epstopdf 2020-01-24 v2.11 Conversion with epstopdf on the fly (HO)
 (C:\Users\urga\AppData\Roaming\MiKTeX\tex/latex/grfext\grfext.sty
Package: grfext 2019/12/03 v1.3 Manage graphics extensions (HO)
) (C:\Program Files\MiKTeX\tex/latex/epstopdf-pkg\epstopdf-base.sty
Package: epstopdf-base 2020-01-24 v2.11 Base part for package epstopdf
Package epstopdf-base Info: Redefining graphics rule for `.eps' on input line 485.
Package grfext Info: Graphics extension search list:
(grfext)             [.pdf,.png,.jpg,.mps,.jpeg,.jbig2,.jb2,.PDF,.PNG,.JPG,.JPEG,.JBIG2,.JB2,.eps]
(grfext)             \AppendGraphicsExtensions on input line 504.
 (C:\Program Files\MiKTeX\tex/latex/00miktex\epstopdf-sys.cfg
File: epstopdf-sys.cfg 2021/03/18 v2.0 Configuration of epstopdf for MiKTeX
))) (C:\Program Files\MiKTeX\tex/latex/amsmath\amsmath.sty
Package: amsmath 2023/05/13 v2.17o AMS math features
\@mathmargin=\skip54

For additional information on amsmath, use the `?' option.
(C:\Program Files\MiKTeX\tex/latex/amsmath\amstext.sty
Package: amstext 2021/08/26 v2.01 AMS text
 (C:\Program Files\MiKTeX\tex/latex/amsmath\amsgen.sty
File: amsgen.sty 1999/11/30 v2.0 generic functions
\@emptytoks=\toks23
\ex@=\dimen188
)) (C:\Program Files\MiKTeX\tex/latex/amsmath\amsbsy.sty
Package: amsbsy 1999/11/29 v1.2d Bold Symbols
\pmbraise@=\dimen189
) (C:\Program Files\MiKTeX\tex/latex/amsmath\amsopn.sty
Package: amsopn 2022/04/08 v2.04 operator names
)
\inf@bad=\count306
LaTeX Info: Redefining \frac on input line 234.
\uproot@=\count307
\leftroot@=\count308
LaTeX Info: Redefining \overline on input line 399.
LaTeX Info: Redefining \colon on input line 410.
\classnum@=\count309
\DOTSCASE@=\count310
LaTeX Info: Redefining \ldots on input line 496.
LaTeX Info: Redefining \dots on input line 499.
LaTeX Info: Redefining \cdots on input line 620.
\Mathstrutbox@=\box100
\strutbox@=\box101
LaTeX Info: Redefining \big on input line 722.
LaTeX Info: Redefining \Big on input line 723.
LaTeX Info: Redefining \bigg on input line 724.
LaTeX Info: Redefining \Bigg on input line 725.
\big@size=\dimen190
LaTeX Font Info:    Redeclaring font encoding OML on input line 743.
LaTeX Font Info:    Redeclaring font encoding OMS on input line 744.
\macc@depth=\count311
LaTeX Info: Redefining \bmod on input line 905.
LaTeX Info: Redefining \pmod on input line 910.
LaTeX Info: Redefining \smash on input line 940.
LaTeX Info: Redefining \relbar on input line 970.
LaTeX Info: Redefining \Relbar on input line 971.
\c@MaxMatrixCols=\count312
\dotsspace@=\muskip17
\c@parentequation=\count313
\dspbrk@lvl=\count314
\tag@help=\toks24
\row@=\count315
\column@=\count316
\maxfields@=\count317
\andhelp@=\toks25
\eqnshift@=\dimen191
\alignsep@=\dimen192
\tagshift@=\dimen193
\tagwidth@=\dimen194
\totwidth@=\dimen195
\lineht@=\dimen196
\@envbody=\toks26
\multlinegap=\skip55
\multlinetaggap=\skip56
\mathdisplay@stack=\toks27
LaTeX Info: Redefining \[ on input line 2953.
LaTeX Info: Redefining \] on input line 2954.
) (C:\Users\urga\AppData\Roaming\MiKTeX\tex/latex/physics\physics.sty
Package: physics 
 (C:\Program Files\MiKTeX\tex/latex/l3packages/xparse\xparse.sty (C:\Program Files\MiKTeX\tex/latex/l3kernel\expl3.sty
Package: expl3 2024-01-04 L3 programming layer (loader) 
 (C:\Program Files\MiKTeX\tex/latex/l3backend\l3backend-pdftex.def
File: l3backend-pdftex.def 2024-01-04 L3 backend support: PDF output (pdfTeX)
\l__color_backend_stack_int=\count318
\l__pdf_internal_box=\box102
))
Package: xparse 2023-10-10 L3 Experimental document command parser
)) (C:\Program Files\MiKTeX\tex/latex/listings\listings.sty
\lst@mode=\count319
\lst@gtempboxa=\box103
\lst@token=\toks28
\lst@length=\count320
\lst@currlwidth=\dimen197
\lst@column=\count321
\lst@pos=\count322
\lst@lostspace=\dimen198
\lst@width=\dimen199
\lst@newlines=\count323
\lst@lineno=\count324
\lst@maxwidth=\dimen256
 (C:\Program Files\MiKTeX\tex/latex/listings\lstmisc.sty
File: lstmisc.sty 2023/02/27 1.9 (Carsten Heinz)
\c@lstnumber=\count325
\lst@skipnumbers=\count326
\lst@framebox=\box104
) (C:\Program Files\MiKTeX\tex/latex/listings\listings.cfg
File: listings.cfg 2023/02/27 1.9 listings configuration
))
Package: listings 2023/02/27 1.9 (Carsten Heinz)
 (C:\Program Files\MiKTeX\tex/latex/amsfonts\amssymb.sty
Package: amssymb 2013/01/14 v3.01 AMS font symbols
 (C:\Program Files\MiKTeX\tex/latex/amsfonts\amsfonts.sty
Package: amsfonts 2013/01/14 v3.01 Basic AMSFonts support
\symAMSa=\mathgroup6
\symAMSb=\mathgroup7
LaTeX Font Info:    Overwriting math alphabet `\mathfrak' in version `bold'
(Font)                  U/euf/m/n --> U/euf/b/n on input line 106.
)) (C:\Users\urga\AppData\Roaming\MiKTeX\tex/latex/xurl\xurl.sty
Package: xurl 2022/01/09 v 0.10 modify URL breaks
) (C:\Users\urga\AppData\Roaming\MiKTeX\tex/latex/caption\subcaption.sty
Package: subcaption 2023/07/28 v1.6b Sub-captions (AR)
 (C:\Users\urga\AppData\Roaming\MiKTeX\tex/latex/caption\caption.sty
Package: caption 2023/08/05 v3.6o Customizing captions (AR)
 (C:\Users\urga\AppData\Roaming\MiKTeX\tex/latex/caption\caption3.sty
Package: caption3 2023/07/31 v2.4d caption3 kernel (AR)
\caption@tempdima=\dimen257
\captionmargin=\dimen258
\caption@leftmargin=\dimen259
\caption@rightmargin=\dimen260
\caption@width=\dimen261
\caption@indent=\dimen262
\caption@parindent=\dimen263
\caption@hangindent=\dimen264
Package caption Info: Unknown document class (or package),
(caption)             standard defaults will be used.
Package caption Info: \@makecaption = \long macro:#1#2->\captionstyle \ifx \@captype \fig@type \vskip \figcapgap \fi \setbox \@tempboxa \hbox {{\floatlegendstyle #1\floatcounterend }\capstrut #2}\ifdim \wd \@tempboxa >\hsize {\floatlegendstyle #1\floatcounterend }\capstrut #2\par \else \hbox to\hsize {\leftlegendglue \unhbox \@tempboxa \hfil }\fi \ifx \@captype \fig@type \else \vskip \tabcapgap \fi  on input line 1175.
)

Package caption Warning: Unknown document class (or package),
(caption)                standard defaults will be used.
See the caption package documentation for explanation.

\c@caption@flags=\count327
\c@continuedfloat=\count328
Package caption Info: hyperref package is loaded.
Package caption Info: listings package is loaded.
)
Package caption Info: New subtype `subfigure' on input line 238.
\c@subfigure=\count329
Package caption Info: New subtype `subtable' on input line 238.
\c@subtable=\count330
) (C:\Users\urga\AppData\Roaming\MiKTeX\tex/latex/multirow\multirow.sty
Package: multirow 2024/11/12 v2.9 Span multiple rows of a table
\multirow@colwidth=\skip57
\multirow@cntb=\count331
\multirow@dima=\skip58
\bigstrutjot=\dimen265
) (C:\Users\urga\AppData\Roaming\MiKTeX\tex/latex/comment\comment.sty
\CommentStream=\write4
 Excluding comment 'comment') (C:\Program Files\MiKTeX\tex/latex/tools\tabularx.sty
Package: tabularx 2023/07/08 v2.11c `tabularx' package (DPC)
 (C:\Program Files\MiKTeX\tex/latex/tools\array.sty
Package: array 2023/10/16 v2.5g Tabular extension package (FMi)
\col@sep=\dimen266
\ar@mcellbox=\box105
\extrarowheight=\dimen267
\NC@list=\toks29
\extratabsurround=\skip59
\backup@length=\skip60
\ar@cellbox=\box106
)
\TX@col@width=\dimen268
\TX@old@table=\dimen269
\TX@old@col=\dimen270
\TX@target=\dimen271
\TX@delta=\dimen272
\TX@cols=\count332
\TX@ftn=\toks30
) (C:\Users\urga\AppData\Roaming\MiKTeX\tex/latex/float\float.sty
Package: float 2001/11/08 v1.3d Float enhancements (AL)
\c@float@type=\count333
\float@exts=\toks31
\float@box=\box107
\@float@everytoks=\toks32
\@floatcapt=\box108
)
\@indexfile=\write5
\openout5 = `editor.idx'.


Writing index file editor.idx
(C:\Users\urga\AppData\Roaming\MiKTeX\tex/latex/import\import.sty
Package: import 2020/04/01  v 6.2
) (C:\Program Files\MiKTeX\tex/latex/base\inputenc.sty
Package: inputenc 2021/02/14 v1.3d Input encoding file
\inpenc@prehook=\toks33
\inpenc@posthook=\toks34
) (C:\Program Files\MiKTeX\tex/generic/babel\babel.sty
Package: babel 2024/01/07 v24.1 The Babel package
\babel@savecnt=\count334
\U@D=\dimen273
\l@unhyphenated=\language79
 (C:\Program Files\MiKTeX\tex/generic/babel\txtbabel.def)
\bbl@readstream=\read2
\bbl@dirlevel=\count335

*************************************
* Local config file bblopts.cfg used
*
(C:\Program Files\MiKTeX\tex/latex/arabi\bblopts.cfg
File: bblopts.cfg 2005/09/08 v0.1 add Arabic and Farsi to "declared" options of babel
) (C:\Users\urga\AppData\Roaming\MiKTeX\tex/latex/babel-slovenian\slovene.ldf
Language: slovene 2021/02/06 v1.2n Slovene support from the babel system
Package babel Info: Making " an active character on input line 79.
)) (C:\Program Files\MiKTeX\tex/generic/babel/locale/sl\babel-slovene.tex
Package babel Info: Importing font and identification data for slovene
(babel)             from babel-sl.ini. Reported on input line 11.
)
LaTeX Font Info:    Trying to load font information for OT1+ptm on input line 63.
 (C:\Users\urga\AppData\Roaming\MiKTeX\tex/latex/psnfss\ot1ptm.fd
File: ot1ptm.fd 2001/06/04 font definitions for OT1/ptm.
) (editor.aux (EditorContents/navodila.aux))
\openout1 = `editor.aux'.

LaTeX Font Info:    Checking defaults for OML/cmm/m/it on input line 63.
LaTeX Font Info:    ... okay on input line 63.
LaTeX Font Info:    Checking defaults for OMS/cmsy/m/n on input line 63.
LaTeX Font Info:    ... okay on input line 63.
LaTeX Font Info:    Checking defaults for OT1/cmr/m/n on input line 63.
LaTeX Font Info:    ... okay on input line 63.
LaTeX Font Info:    Checking defaults for T1/cmr/m/n on input line 63.
LaTeX Font Info:    ... okay on input line 63.
LaTeX Font Info:    Checking defaults for TS1/cmr/m/n on input line 63.
LaTeX Font Info:    ... okay on input line 63.
LaTeX Font Info:    Checking defaults for OMX/cmex/m/n on input line 63.
LaTeX Font Info:    ... okay on input line 63.
LaTeX Font Info:    Checking defaults for U/cmr/m/n on input line 63.
LaTeX Font Info:    ... okay on input line 63.
LaTeX Font Info:    Checking defaults for PD1/pdf/m/n on input line 63.
LaTeX Font Info:    ... okay on input line 63.
LaTeX Font Info:    Checking defaults for PU/pdf/m/n on input line 63.
LaTeX Font Info:    ... okay on input line 63.
 (C:\Program Files\MiKTeX\tex/context/base/mkii\supp-pdf.mkii
[Loading MPS to PDF converter (version 2006.09.02).]
\scratchcounter=\count336
\scratchdimen=\dimen274
\scratchbox=\box109
\nofMPsegments=\count337
\nofMParguments=\count338
\everyMPshowfont=\toks35
\MPscratchCnt=\count339
\MPscratchDim=\dimen275
\MPnumerator=\count340
\makeMPintoPDFobject=\count341
\everyMPtoPDFconversion=\toks36
)
Package hyperref Info: Link coloring OFF on input line 63.
 (editor.out) (editor.out)
\@outlinefile=\write6
\openout6 = `editor.out'.

\c@lstlisting=\count342
Package caption Info: Begin \AtBeginDocument code.
Package caption Info: float package is loaded.
Package caption Info: End \AtBeginDocument code.


Package mathptmx Warning: There are no bold math fonts on input line 66.


Underfull \hbox (badness 10000) in paragraph at lines 67--70

 []

[1



{C:/Users/urga/AppData/Local/MiKTeX/fonts/map/pdftex/pdftex.map}{C:/Program Files/MiKTeX/fonts/enc/dvips/base/8r.enc}]
\openout2 = `EditorContents/navodila.aux'.

 (EditorContents/navodila.tex [2



]
LaTeX Font Info:    Trying to load font information for TS1+ptm on input line 3.
 (C:\Users\urga\AppData\Roaming\MiKTeX\tex/latex/psnfss\ts1ptm.fd
File: ts1ptm.fd 2001/06/04 font definitions for TS1/ptm.
)
LaTeX Font Info:    Trying to load font information for OT1+pcr on input line 3.
 (C:\Users\urga\AppData\Roaming\MiKTeX\tex/latex/psnfss\ot1pcr.fd
File: ot1pcr.fd 2001/06/04 font definitions for OT1/pcr.
)
LaTeX Font Info:    Trying to load font information for OT1+ztmcm on input line 9.
 (C:\Users\urga\AppData\Roaming\MiKTeX\tex/latex/psnfss\ot1ztmcm.fd
File: ot1ztmcm.fd 2000/01/03 Fontinst v1.801 font definitions for OT1/ztmcm.
)
LaTeX Font Info:    Trying to load font information for OML+ztmcm on input line 9.
 (C:\Users\urga\AppData\Roaming\MiKTeX\tex/latex/psnfss\omlztmcm.fd
File: omlztmcm.fd 2000/01/03 Fontinst v1.801 font definitions for OML/ztmcm.
)
LaTeX Font Info:    Trying to load font information for OMS+ztmcm on input line 9.
 (C:\Users\urga\AppData\Roaming\MiKTeX\tex/latex/psnfss\omsztmcm.fd
File: omsztmcm.fd 2000/01/03 Fontinst v1.801 font definitions for OMS/ztmcm.
)
LaTeX Font Info:    Trying to load font information for OMX+ztmcm on input line 9.
 (C:\Users\urga\AppData\Roaming\MiKTeX\tex/latex/psnfss\omxztmcm.fd
File: omxztmcm.fd 2000/01/03 Fontinst v1.801 font definitions for OMX/ztmcm.
)
LaTeX Font Info:    Font shape `OT1/ptm/bx/n' in size <10> not available
(Font)              Font shape `OT1/ptm/b/n' tried instead on input line 9.
LaTeX Font Info:    Font shape `OT1/ptm/bx/n' in size <7.4> not available
(Font)              Font shape `OT1/ptm/b/n' tried instead on input line 9.
LaTeX Font Info:    Font shape `OT1/ptm/bx/n' in size <6> not available
(Font)              Font shape `OT1/ptm/b/n' tried instead on input line 9.

Overfull \hbox (24.59927pt too wide) in paragraph at lines 30--31
[]\OT1/ptm/m/n/10 Vsak se-mi-nar pred-sta-vlja eno po-glavje v knjigi \OT1/ptm/m/it/10 Mo-de-li-ra-nje in si-mu-la-cija ra[]cunalni[]skih
 []

LaTeX Font Info:    Calculating math sizes for size <8.5> on input line 32.
LaTeX Font Info:    Font shape `OT1/ptm/bx/n' in size <8.5> not available
(Font)              Font shape `OT1/ptm/b/n' tried instead on input line 32.
LaTeX Font Info:    Font shape `OT1/ptm/bx/n' in size <6.29004> not available
(Font)              Font shape `OT1/ptm/b/n' tried instead on input line 32.
LaTeX Font Info:    Font shape `OT1/ptm/bx/n' in size <5.10005> not available
(Font)              Font shape `OT1/ptm/b/n' tried instead on input line 32.
[3]) [4] (editor.toc)
\tf@toc=\write7
\openout7 = `editor.toc'.

 (Skupina05/main.tex [5




] [6


]

Package hyperref Warning: bookmark level for unknown titlech defaults to 0.


Package hyperref Warning: bookmark level for unknown authorch defaults to 0.

[7]
<Skupina05/img/arptest.png, id=159, 645.91313pt x 264.99pt>
File: Skupina05/img/arptest.png Graphic file (type png)
<use Skupina05/img/arptest.png>
Package pdftex.def Info: Skupina05/img/arptest.png  used on input line 39.
(pdftex.def)             Requested size: 332.89723pt x 136.57043pt.
 [8 <./Skupina05/img/arptest.png>]
<Skupina05/img/vlan.png, id=169, 424.58624pt x 116.68594pt>
File: Skupina05/img/vlan.png Graphic file (type png)
<use Skupina05/img/vlan.png>
Package pdftex.def Info: Skupina05/img/vlan.png  used on input line 54.
(pdftex.def)             Requested size: 332.89723pt x 91.49182pt.
 [9 <./Skupina05/img/vlan.png>]
<Skupina05/img/lans-large-net.png, id=176, 849.1725pt x 431.36156pt>
File: Skupina05/img/lans-large-net.png Graphic file (type png)
<use Skupina05/img/lans-large-net.png>
Package pdftex.def Info: Skupina05/img/lans-large-net.png  used on input line 69.
(pdftex.def)             Requested size: 332.89723pt x 169.10574pt.
 [10 <./Skupina05/img/lans-large-net.png>]
<Skupina05/img/lans-mixed-lan.png, id=183, 469.00218pt x 306.39468pt>
File: Skupina05/img/lans-mixed-lan.png Graphic file (type png)
<use Skupina05/img/lans-mixed-lan.png>
Package pdftex.def Info: Skupina05/img/lans-mixed-lan.png  used on input line 80.
(pdftex.def)             Requested size: 332.89723pt x 217.47629pt.
<Skupina05/img/mixed-lan-collisions-bar-chart.png, id=184, 1581.65906pt x 621.82312pt>
File: Skupina05/img/mixed-lan-collisions-bar-chart.png Graphic file (type png)
<use Skupina05/img/mixed-lan-collisions-bar-chart.png>
Package pdftex.def Info: Skupina05/img/mixed-lan-collisions-bar-chart.png  used on input line 89.
(pdftex.def)             Requested size: 332.89723pt x 130.87135pt.
 [11 <./Skupina05/img/lans-mixed-lan.png>]
<Skupina05/img/mixed-lan-sent-recieved-bar-chart.png, id=192, 1586.92876pt x 618.81187pt>
File: Skupina05/img/mixed-lan-sent-recieved-bar-chart.png Graphic file (type png)
<use Skupina05/img/mixed-lan-sent-recieved-bar-chart.png>
Package pdftex.def Info: Skupina05/img/mixed-lan-sent-recieved-bar-chart.png  used on input line 98.
(pdftex.def)             Requested size: 332.89723pt x 129.80325pt.
 [12 <./Skupina05/img/mixed-lan-collisions-bar-chart.png> <./Skupina05/img/mixed-lan-sent-recieved-bar-chart.png>]
Underfull \hbox (badness 10000) in paragraph at lines 144--145
[]\OT1/ptm/b/n/10 Ethernet vme-snik: \OT1/ptm/m/n/10 Upo-ra-blja bo-disi mo-dul \OT1/pcr/m/n/10 EthernetMac \OT1/ptm/m/n/10 ali
 []


Underfull \hbox (badness 1838) in paragraph at lines 144--145
\OT1/pcr/m/n/10 EthernetCsmaMac \OT1/ptm/m/n/10 za pre-nos okvi-rov, od-vi-sno od na-sta-vi-tev du-ple-ksa
 []

[13] [14] [15] [16]
<Skupina05/img/extended-double-star/extended-double-star.png, id=227, 536.75531pt x 212.29312pt>
File: Skupina05/img/extended-double-star/extended-double-star.png Graphic file (type png)
<use Skupina05/img/extended-double-star/extended-double-star.png>
Package pdftex.def Info: Skupina05/img/extended-double-star/extended-double-star.png  used on input line 249.
(pdftex.def)             Requested size: 332.89723pt x 131.66573pt.
 [17]
<Skupina05/img/extended-double-star/send-interval-end-to-end-delay.png, id=235, 2119.92pt x 1118.1775pt>
File: Skupina05/img/extended-double-star/send-interval-end-to-end-delay.png Graphic file (type png)
<use Skupina05/img/extended-double-star/send-interval-end-to-end-delay.png>
Package pdftex.def Info: Skupina05/img/extended-double-star/send-interval-end-to-end-delay.png  used on input line 260.
(pdftex.def)             Requested size: 332.89723pt x 175.58496pt.
<Skupina05/img/extended-double-star/send-interval-queue-length-timeavg.jpg, id=236, 2119.92pt x 1118.1775pt>
File: Skupina05/img/extended-double-star/send-interval-queue-length-timeavg.jpg Graphic file (type jpg)
<use Skupina05/img/extended-double-star/send-interval-queue-length-timeavg.jpg>
Package pdftex.def Info: Skupina05/img/extended-double-star/send-interval-queue-length-timeavg.jpg  used on input line 269.
(pdftex.def)             Requested size: 332.89723pt x 175.58496pt.
 [18 <./Skupina05/img/extended-double-star/extended-double-star.png> <./Skupina05/img/extended-double-star/send-interval-end-to-end-delay.png>]
<Skupina05/img/extended-double-star/response-length-end-to-end-delay.jpg, id=245, 2119.92pt x 1118.1775pt>
File: Skupina05/img/extended-double-star/response-length-end-to-end-delay.jpg Graphic file (type jpg)
<use Skupina05/img/extended-double-star/response-length-end-to-end-delay.jpg>
Package pdftex.def Info: Skupina05/img/extended-double-star/response-length-end-to-end-delay.jpg  used on input line 278.
(pdftex.def)             Requested size: 332.89723pt x 175.58496pt.
<Skupina05/img/extended-double-star/datarate-end-to-end-delay.png, id=246, 2119.92pt x 1118.1775pt>
File: Skupina05/img/extended-double-star/datarate-end-to-end-delay.png Graphic file (type png)
<use Skupina05/img/extended-double-star/datarate-end-to-end-delay.png>
Package pdftex.def Info: Skupina05/img/extended-double-star/datarate-end-to-end-delay.png  used on input line 287.
(pdftex.def)             Requested size: 332.89723pt x 175.58496pt.
 [19 <./Skupina05/img/extended-double-star/send-interval-queue-length-timeavg.jpg> <./Skupina05/img/extended-double-star/response-length-end-to-end-delay.jpg>]
<Skupina05/img/extended-double-star/num-hosts-end-to-end-delay.png, id=254, 2119.92pt x 1118.1775pt>
File: Skupina05/img/extended-double-star/num-hosts-end-to-end-delay.png Graphic file (type png)
<use Skupina05/img/extended-double-star/num-hosts-end-to-end-delay.png>
Package pdftex.def Info: Skupina05/img/extended-double-star/num-hosts-end-to-end-delay.png  used on input line 296.
(pdftex.def)             Requested size: 332.89723pt x 175.58496pt.
 [20 <./Skupina05/img/extended-double-star/datarate-end-to-end-delay.png> <./Skupina05/img/extended-double-star/num-hosts-end-to-end-delay.png>]
<Skupina05/img/binary-tree/binary-tree.png, id=262, 325.96782pt x 319.94531pt>
File: Skupina05/img/binary-tree/binary-tree.png Graphic file (type png)
<use Skupina05/img/binary-tree/binary-tree.png>
Package pdftex.def Info: Skupina05/img/binary-tree/binary-tree.png  used on input line 309.
(pdftex.def)             Requested size: 332.89723pt x 326.77438pt.
<Skupina05/img/binary-tree/send-interval-end-to-end-delay.jpg, id=263, 2099.845pt x 1118.1775pt>
File: Skupina05/img/binary-tree/send-interval-end-to-end-delay.jpg Graphic file (type jpg)
<use Skupina05/img/binary-tree/send-interval-end-to-end-delay.jpg>
Package pdftex.def Info: Skupina05/img/binary-tree/send-interval-end-to-end-delay.jpg  used on input line 320.
(pdftex.def)             Requested size: 332.89723pt x 177.25703pt.
 [21 <./Skupina05/img/binary-tree/binary-tree.png>]
<Skupina05/img/binary-tree/response-length-end-to-end-delay.jpg, id=271, 2099.845pt x 792.9625pt>
File: Skupina05/img/binary-tree/response-length-end-to-end-delay.jpg Graphic file (type jpg)
<use Skupina05/img/binary-tree/response-length-end-to-end-delay.jpg>
Package pdftex.def Info: Skupina05/img/binary-tree/response-length-end-to-end-delay.jpg  used on input line 329.
(pdftex.def)             Requested size: 332.89723pt x 125.70293pt.
<Skupina05/img/binary-tree/datarate-end-to-end-delay.jpg, id=272, 2099.845pt x 792.9625pt>
File: Skupina05/img/binary-tree/datarate-end-to-end-delay.jpg Graphic file (type jpg)
<use Skupina05/img/binary-tree/datarate-end-to-end-delay.jpg>
Package pdftex.def Info: Skupina05/img/binary-tree/datarate-end-to-end-delay.jpg  used on input line 338.
(pdftex.def)             Requested size: 332.89723pt x 125.70293pt.
 [22 <./Skupina05/img/binary-tree/send-interval-end-to-end-delay.jpg> <./Skupina05/img/binary-tree/response-length-end-to-end-delay.jpg>]
<Skupina05/img/binary-tree/num-hosts-end-to-end-delay.jpg, id=280, 2099.845pt x 1118.1775pt>
File: Skupina05/img/binary-tree/num-hosts-end-to-end-delay.jpg Graphic file (type jpg)
<use Skupina05/img/binary-tree/num-hosts-end-to-end-delay.jpg>
Package pdftex.def Info: Skupina05/img/binary-tree/num-hosts-end-to-end-delay.jpg  used on input line 347.
(pdftex.def)             Requested size: 332.89723pt x 177.25703pt.

Overfull \hbox (17.27109pt too wide) in paragraph at lines 355--356
\OT1/ptm/m/n/10 sledi \OT1/pcr/m/n/10 n \OT1/ptm/m/n/10 za-po-re-dno ve-za-nih se-sta-vlje-nih mo-du-lov \OT1/pcr/m/n/10 HostElement\OT1/ptm/m/n/10 . Vsak \OT1/pcr/m/n/10 HostElement
 []

[23 <./Skupina05/img/binary-tree/datarate-end-to-end-delay.jpg> <./Skupina05/img/binary-tree/num-hosts-end-to-end-delay.jpg>]
Overfull \hbox (45.27225pt too wide) in paragraph at lines 359--360
[]\OT1/ptm/m/n/10 Znotraj vsa-kega \OT1/pcr/m/n/10 HostElementa \OT1/ptm/m/n/10 je en \OT1/pcr/m/n/10 EthernetHost \OT1/ptm/m/n/10 po-ve-zan na \OT1/pcr/m/n/10 EthernetSwitch\OT1/ptm/m/n/10 .
 []

<Skupina05/img/sequential_network/sequential_layout.png, id=288, 576.65437pt x 561.59813pt>
File: Skupina05/img/sequential_network/sequential_layout.png Graphic file (type png)
<use Skupina05/img/sequential_network/sequential_layout.png>
Package pdftex.def Info: Skupina05/img/sequential_network/sequential_layout.png  used on input line 363.
(pdftex.def)             Requested size: 332.89723pt x 324.21895pt.
<Skupina05/img/sequential_network/sequential_nHosts.png, id=289, 1428.33624pt x 434.62375pt>
File: Skupina05/img/sequential_network/sequential_nHosts.png Graphic file (type png)
<use Skupina05/img/sequential_network/sequential_nHosts.png>
Package pdftex.def Info: Skupina05/img/sequential_network/sequential_nHosts.png  used on input line 372.
(pdftex.def)             Requested size: 332.89723pt x 101.29434pt.
[24 <./Skupina05/img/sequential_network/sequential_layout.png>]
<Skupina05/img/sequential_network/sequential_sendInterval.png, id=297, 1428.33624pt x 434.62375pt>
File: Skupina05/img/sequential_network/sequential_sendInterval.png Graphic file (type png)
<use Skupina05/img/sequential_network/sequential_sendInterval.png>
Package pdftex.def Info: Skupina05/img/sequential_network/sequential_sendInterval.png  used on input line 382.
(pdftex.def)             Requested size: 332.89723pt x 101.29434pt.
<Skupina05/img/sequential_network/sequential_datarate.png, id=299, 1428.33624pt x 434.62375pt>
File: Skupina05/img/sequential_network/sequential_datarate.png Graphic file (type png)
<use Skupina05/img/sequential_network/sequential_datarate.png>
Package pdftex.def Info: Skupina05/img/sequential_network/sequential_datarate.png  used on input line 391.
(pdftex.def)             Requested size: 332.89723pt x 101.29434pt.
 [25 <./Skupina05/img/sequential_network/sequential_nHosts.png> <./Skupina05/img/sequential_network/sequential_sendInterval.png (PNG copy)>]
<Skupina05/img/sequential_network/sequential_duplex.png, id=308, 1428.33624pt x 434.62375pt>
File: Skupina05/img/sequential_network/sequential_duplex.png Graphic file (type png)
<use Skupina05/img/sequential_network/sequential_duplex.png>
Package pdftex.def Info: Skupina05/img/sequential_network/sequential_duplex.png  used on input line 400.
(pdftex.def)             Requested size: 332.89723pt x 101.29434pt.
<Skupina05/img/sequential_network/sequential_responseSize.png, id=309, 1428.33624pt x 434.62375pt>
File: Skupina05/img/sequential_network/sequential_responseSize.png Graphic file (type png)
<use Skupina05/img/sequential_network/sequential_responseSize.png>
Package pdftex.def Info: Skupina05/img/sequential_network/sequential_responseSize.png  used on input line 409.
(pdftex.def)             Requested size: 332.89723pt x 101.29434pt.
 [26 <./Skupina05/img/sequential_network/sequential_datarate.png> <./Skupina05/img/sequential_network/sequential_duplex.png>]
Overfull \hbox (5.72159pt too wide) in paragraph at lines 422--423
[]\OT1/ptm/b/n/10 Zvezda z zvezdi[]s[]cem: \OT1/ptm/m/n/10 Mo-dul \OT1/pcr/m/n/10 EthernetHub \OT1/ptm/m/n/10 je po-ve-zan z ve[]c \OT1/pcr/m/n/10 EthernetHost
 []

<Skupina05/img/mixed_network/mixed_layout.png, id=316, 588.69937pt x 413.29407pt>
File: Skupina05/img/mixed_network/mixed_layout.png Graphic file (type png)
<use Skupina05/img/mixed_network/mixed_layout.png>
Package pdftex.def Info: Skupina05/img/mixed_network/mixed_layout.png  used on input line 432.
(pdftex.def)             Requested size: 332.89723pt x 233.70706pt.
[27 <./Skupina05/img/sequential_network/sequential_responseSize.png>]
<Skupina05/img/mixed_network/mixed_nHosts.png, id=327, 1428.33624pt x 434.62375pt>
File: Skupina05/img/mixed_network/mixed_nHosts.png Graphic file (type png)
<use Skupina05/img/mixed_network/mixed_nHosts.png>
Package pdftex.def Info: Skupina05/img/mixed_network/mixed_nHosts.png  used on input line 441.
(pdftex.def)             Requested size: 332.89723pt x 101.29434pt.
<Skupina05/img/mixed_network/mixed_sendInterval.png, id=329, 1428.33624pt x 434.62375pt>
File: Skupina05/img/mixed_network/mixed_sendInterval.png Graphic file (type png)
<use Skupina05/img/mixed_network/mixed_sendInterval.png>
Package pdftex.def Info: Skupina05/img/mixed_network/mixed_sendInterval.png  used on input line 451.
(pdftex.def)             Requested size: 332.89723pt x 101.29434pt.
 [28 <./Skupina05/img/mixed_network/mixed_layout.png> <./Skupina05/img/mixed_network/mixed_nHosts.png>]
<Skupina05/img/mixed_network/mixed_datarate.png, id=339, 1428.33624pt x 434.62375pt>
File: Skupina05/img/mixed_network/mixed_datarate.png Graphic file (type png)
<use Skupina05/img/mixed_network/mixed_datarate.png>
Package pdftex.def Info: Skupina05/img/mixed_network/mixed_datarate.png  used on input line 460.
(pdftex.def)             Requested size: 332.89723pt x 101.29434pt.
<Skupina05/img/mixed_network/mixed_duplex.png, id=340, 1428.33624pt x 434.62375pt>
File: Skupina05/img/mixed_network/mixed_duplex.png Graphic file (type png)
<use Skupina05/img/mixed_network/mixed_duplex.png>
Package pdftex.def Info: Skupina05/img/mixed_network/mixed_duplex.png  used on input line 469.
(pdftex.def)             Requested size: 332.89723pt x 101.29434pt.
 [29 <./Skupina05/img/mixed_network/mixed_sendInterval.png> <./Skupina05/img/mixed_network/mixed_datarate.png>]
<Skupina05/img/mixed_network/mixed_responseSize.png, id=347, 1428.33624pt x 434.62375pt>
File: Skupina05/img/mixed_network/mixed_responseSize.png Graphic file (type png)
<use Skupina05/img/mixed_network/mixed_responseSize.png>
Package pdftex.def Info: Skupina05/img/mixed_network/mixed_responseSize.png  used on input line 478.
(pdftex.def)             Requested size: 332.89723pt x 101.29434pt.
 [30 <./Skupina05/img/mixed_network/mixed_duplex.png> <./Skupina05/img/mixed_network/mixed_responseSize.png>]
<Skupina05/img/extended-double-star/switch-queue-length-end-to-end-delay.png, id=354, 2099.845pt x 792.9625pt>
File: Skupina05/img/extended-double-star/switch-queue-length-end-to-end-delay.png Graphic file (type png)
<use Skupina05/img/extended-double-star/switch-queue-length-end-to-end-delay.png>
Package pdftex.def Info: Skupina05/img/extended-double-star/switch-queue-length-end-to-end-delay.png  used on input line 495.
(pdftex.def)             Requested size: 332.89723pt x 125.70293pt.
<Skupina05/img/binary-tree/switch-queue-length-end-to-end-delay.jpg, id=355, 2099.845pt x 792.9625pt>
File: Skupina05/img/binary-tree/switch-queue-length-end-to-end-delay.jpg Graphic file (type jpg)
<use Skupina05/img/binary-tree/switch-queue-length-end-to-end-delay.jpg>
Package pdftex.def Info: Skupina05/img/binary-tree/switch-queue-length-end-to-end-delay.jpg  used on input line 502.
(pdftex.def)             Requested size: 332.89723pt x 125.70293pt.
 [31 <./Skupina05/img/extended-double-star/switch-queue-length-end-to-end-delay.png>]
<Skupina05/img/extended-double-star/csma-collisions.jpg, id=364, 2099.845pt x 1118.1775pt>
File: Skupina05/img/extended-double-star/csma-collisions.jpg Graphic file (type jpg)
<use Skupina05/img/extended-double-star/csma-collisions.jpg>
Package pdftex.def Info: Skupina05/img/extended-double-star/csma-collisions.jpg  used on input line 511.
(pdftex.def)             Requested size: 332.89723pt x 177.25703pt.
 [32 <./Skupina05/img/binary-tree/switch-queue-length-end-to-end-delay.jpg> <./Skupina05/img/extended-double-star/csma-collisions.jpg>]) [33] [34


] (editor.bbl)

Package caption Warning: Unused \captionsetup[sub] on input line 42.
See the caption package documentation for explanation.

[35


] (editor.aux (EditorContents/navodila.aux))
 ***********
LaTeX2e <2023-11-01> patch level 1
L3 programming layer <2024-01-04>
 ***********
Package rerunfilecheck Info: File `editor.out' has not changed.
(rerunfilecheck)             Checksum: F25A85FEB238D0A707BDFFA087D877F0;3108.
 ) 
Here is how much of TeX's memory you used:
 16330 strings out of 474486
 268441 string characters out of 5753573
 1937542 words of memory out of 5000000
 38170 multiletter control sequences out of 15000+600000
 601226 words of font info for 123 fonts, out of 8000000 for 9000
 1141 hyphenation exceptions out of 8191
 79i,8n,93p,1019b,514s stack positions out of 10000i,1000n,20000p,200000b,200000s
<C:/Program Files/MiKTeX/fonts/type1/public/amsfonts/cm/cmmi10.pfb><C:/Program Files/MiKTeX/fonts/type1/public/amsfonts/cm/cmr10.pfb><C:/Program Files/MiKTeX/fonts/type1/urw/courier/ucrb8a.pfb><C:/Program Files/MiKTeX/fonts/type1/urw/courier/ucrr8a.pfb><C:/Program Files/MiKTeX/fonts/type1/urw/symbol/usyr.pfb><C:/Program Files/MiKTeX/fonts/type1/urw/times/utmb8a.pfb><C:/Program Files/MiKTeX/fonts/type1/urw/times/utmbi8a.pfb><C:/Program Files/MiKTeX/fonts/type1/urw/times/utmr8a.pfb><C:/Program Files/MiKTeX/fonts/type1/urw/times/utmri8a.pfb>
Output written on editor.pdf (35 pages, 1716654 bytes).
PDF statistics:
 452 PDF objects out of 1000 (max. 8388607)
 121 named destinations out of 1000 (max. 500000)
 313 words of extra memory for PDF output out of 10000 (max. 10000000)

